  Generate moc_predefs.h
  MyCalculateDegree.cpp
  MyCalculatePos.cpp
  MyCube.cpp
  MyCurve.cpp
  MyDrawImage.cpp
  MyPenColor.cpp
  MyPenStyle.cpp
  MyPlanetSystem.cpp
G:\_.Project\ref\QPainter\EasyQPainter\src\MyCurve.cpp(6,10): warning C4067: 预处理器指令后有意外标记 - 应输入换行符
  MySimple3D.cpp
  MyTextPath.cpp
  MyWave.cpp
  main.cpp
  mainwindow.cpp
  qrc_img.cpp
  moc_MyCalculateDegree.cpp
  moc_MyCalculatePos.cpp
  moc_MyCube.cpp
  moc_MyCurve.cpp
  moc_MyDrawImage.cpp
  moc_MyPenColor.cpp
  moc_MyPenStyle.cpp
  moc_MyPlanetSystem.cpp
  moc_MySimple3D.cpp
  moc_MyTextPath.cpp
  moc_MyWave.cpp
  moc_mainwindow.cpp
  EasyQPainter.vcxproj -> G:\_.Project\ref\QPainter\EasyQPainter\debug\EasyQPainter.exe
